<?xml version="1.0" encoding="UTF-8"?>
<!-- Generated by org.testng.reporters.JUnitXMLReporter -->
<testsuite ignored="8" hostname="Ranees" failures="0" tests="15" name="Vm Trackers GPS Application Test Flow 2" time="0.251" errors="0" timestamp="2025-07-08T20:15:20 IST">
  <testcase classname="baseClass.Common_functions" name="@BeforeTest launch_Browser" time="-1.751985920191E9">
    <failure type="org.testng.TestNGException" message="
Parameter &amp;apos;browse&amp;apos; is required by BeforeTest on method launch_Browser but has not been marked @Optional or defined
in C:\Selenium\VMTrackers_GPS_Application-Mvn_Projects\testng.xml">
      <![CDATA[org.testng.TestNGException: 
Parameter 'browse' is required by BeforeTest on method launch_Browser but has not been marked @Optional or defined
in C:\Selenium\VMTrackers_GPS_Application-Mvn_Projects\testng.xml
at java.base/java.util.concurrent.FutureTask.run(FutureTask.java:264)
at java.base/java.util.concurrent.ThreadPoolExecutor.runWorker(ThreadPoolExecutor.java:1136)
at java.base/java.util.concurrent.ThreadPoolExecutor$Worker.run(ThreadPoolExecutor.java:635)
at java.base/java.lang.Thread.run(Thread.java:842)
... Removed 11 stack frames]]>
    </failure>
  </testcase> <!-- @BeforeTest launch_Browser -->
  <testcase classname="baseClass.Common_functions" name="@BeforeTest launch_Browser" time="-1.751985920191E9">
    <failure type="org.testng.TestNGException" message="
Parameter &amp;apos;browse&amp;apos; is required by BeforeTest on method launch_Browser but has not been marked @Optional or defined
in C:\Selenium\VMTrackers_GPS_Application-Mvn_Projects\testng.xml">
      <![CDATA[org.testng.TestNGException: 
Parameter 'browse' is required by BeforeTest on method launch_Browser but has not been marked @Optional or defined
in C:\Selenium\VMTrackers_GPS_Application-Mvn_Projects\testng.xml
at java.base/java.util.concurrent.FutureTask.run(FutureTask.java:264)
at java.base/java.util.concurrent.ThreadPoolExecutor.runWorker(ThreadPoolExecutor.java:1136)
at java.base/java.util.concurrent.ThreadPoolExecutor$Worker.run(ThreadPoolExecutor.java:635)
at java.base/java.lang.Thread.run(Thread.java:842)
... Removed 11 stack frames]]>
    </failure>
  </testcase> <!-- @BeforeTest launch_Browser -->
  <testcase classname="testCases.Login_func_test" name="testValidLoginLogoutFunc" time="0.0">
    <skipped/>
  </testcase> <!-- testValidLoginLogoutFunc -->
  <testcase classname="testCases.Login_func_test" name="testInvalidLoginFunc" time="0.0">
    <skipped/>
  </testcase> <!-- testInvalidLoginFunc -->
  <testcase classname="testCases.Login_func_test" name="testInvalidLoginFunc" time="0.0">
    <skipped/>
  </testcase> <!-- testInvalidLoginFunc -->
  <testcase classname="testCases.Login_func_test" name="testInvalidLoginFunc" time="0.001">
    <skipped/>
  </testcase> <!-- testInvalidLoginFunc -->
  <testcase classname="testCases.Login_func_test" name="testInvalidLoginFunc" time="0.0">
    <skipped/>
  </testcase> <!-- testInvalidLoginFunc -->
  <testcase classname="testCases.Login_func_test" name="testInvalidLoginFunc" time="0.0">
    <skipped/>
  </testcase> <!-- testInvalidLoginFunc -->
  <testcase classname="testCases.Login_func_test" name="testInvalidLoginFunc" time="0.0">
    <skipped/>
  </testcase> <!-- testInvalidLoginFunc -->
  <testcase classname="testCases.Login_func_test" name="testInvalidLoginFunc" time="0.0">
    <skipped/>
  </testcase> <!-- testInvalidLoginFunc -->
  <testcase classname="testCases.Login_func_test" name="testInvalidLoginFunc" time="0.0">
    <skipped/>
  </testcase> <!-- testInvalidLoginFunc -->
  <testcase classname="testCases.Login_func_test" name="testInvalidLoginFunc" time="0.0">
    <skipped/>
  </testcase> <!-- testInvalidLoginFunc -->
  <testcase classname="testCases.Login_func_test" name="testInvalidLoginFunc" time="0.0">
    <skipped/>
  </testcase> <!-- testInvalidLoginFunc -->
  <testcase classname="testCases.Dashboard_func_test" name="test_dashboardfunc_profilenameverify" time="0.0">
    <skipped/>
  </testcase> <!-- test_dashboardfunc_profilenameverify -->
  <testcase classname="testCases.Dashboard_func_test" name="test_dashboard_livetrackingverify" time="0.0">
    <skipped/>
  </testcase> <!-- test_dashboard_livetrackingverify -->
  <testcase classname="testCases.Alert_func_test" name="test_alertypefunc" time="0.0">
    <skipped/>
  </testcase> <!-- test_alertypefunc -->
  <testcase classname="testCases.Alert_func_test" name="test_selectdevicefunc" time="0.0">
    <skipped/>
  </testcase> <!-- test_selectdevicefunc -->
  <testcase classname="baseClass.Common_functions" name="@AfterSuite teardownSuite" time="0.0">
    <ignored/>
  </testcase> <!-- @AfterSuite teardownSuite -->
  <testcase classname="baseClass.Common_functions" name="@AfterTest tearDown" time="0.0">
    <ignored/>
  </testcase> <!-- @AfterTest tearDown -->
  <testcase classname="baseClass.Common_functions" name="@BeforeTest launch_Browser" time="0.0">
    <ignored/>
  </testcase> <!-- @BeforeTest launch_Browser -->
  <testcase classname="baseClass.Common_functions" name="@AfterTest tearDown" time="0.0">
    <ignored/>
  </testcase> <!-- @AfterTest tearDown -->
  <testcase classname="baseClass.Common_functions" name="@BeforeTest launch_Browser" time="0.0">
    <ignored/>
  </testcase> <!-- @BeforeTest launch_Browser -->
  <testcase classname="baseClass.Common_functions" name="@AfterSuite teardownSuite" time="0.0">
    <ignored/>
  </testcase> <!-- @AfterSuite teardownSuite -->
  <testcase classname="baseClass.Common_functions" name="@BeforeSuite setupSuite" time="0.0">
    <ignored/>
  </testcase> <!-- @BeforeSuite setupSuite -->
  <testcase classname="baseClass.Common_functions" name="@BeforeSuite setupSuite" time="0.0">
    <ignored/>
  </testcase> <!-- @BeforeSuite setupSuite -->
</testsuite> <!-- Vm Trackers GPS Application Test Flow 2 -->
