<!DOCTYPE html PUBLIC "-//W3C//DTD XHTML 1.1//EN" "https://www.w3.org/TR/xhtml11/DTD/xhtml11.dtd">
<html xmlns="https://www.w3.org/1999/xhtml">
<head>
<meta http-equiv="content-type" content="text/html; charset=UTF-8"/>
<title>TestNG Report</title>
<style type="text/css">table {margin-bottom:10px;border-collapse:collapse;empty-cells:show}th,td {border:1px solid #009;padding:.25em .5em}th {vertical-align:bottom}td {vertical-align:top}table a {font-weight:bold}.stripe td {background-color: #E6EBF9}.num {text-align:right}.passedodd td {background-color: #3F3}.passedeven td {background-color: #0A0}.skippedodd td {background-color: #DDD}.skippedeven td {background-color: #CCC}.failedodd td,.attn {background-color: #F33}.failedeven td,.stripe .attn {background-color: #D00}.stacktrace {white-space:pre;font-family:monospace}.totop {font-size:85%;text-align:center;border-bottom:2px solid #000}.invisible {display:none}</style>
</head>
<body>
<table>
<tr><th>Test</th><th># Passed</th><th># Skipped</th><th># Retried</th><th># Failed</th><th>Time (ms)</th><th>Included Groups</th><th>Excluded Groups</th></tr>
<tr><th colspan="8">VM Maps Suite</th></tr>
<tr><td><a href="#t0">Vm Trackers GPS Application Test Flow 1</a></td><td class="num">0</td><td class="num attn">15</td><td class="num">0</td><td class="num">0</td><td class="num">250</td><td></td><td></td></tr>
<tr class="stripe"><td><a href="#t1">Vm Trackers GPS Application Test Flow 2</a></td><td class="num">0</td><td class="num attn">15</td><td class="num">0</td><td class="num">0</td><td class="num">251</td><td></td><td></td></tr>
<tr><th>Total</th><th class="num">0</th><th class="num attn">30</th><th class="num">0</th><th class="num">0</th><th class="num">501</th><th colspan="2"></th></tr>
</table>
<table id='summary'><thead><tr><th>Class</th><th>Method</th><th>Start</th><th>Time (ms)</th></tr></thead><tbody><tr><th colspan="4">VM Maps Suite</th></tr></tbody><tbody id="t0"><tr><th colspan="4">Vm Trackers GPS Application Test Flow 1 &#8212; failed (configuration methods)</th></tr><tr class="failedeven"><td rowspan="1">testCases.Login_func_test</td><td><a href="#m0">launch_Browser</a></td><td rowspan="1">1751985920191</td><td rowspan="1">-1751985920191</td></tr><tr><th colspan="4">Vm Trackers GPS Application Test Flow 1 &#8212; skipped</th></tr><tr class="skippedeven"><td rowspan="2">testCases.Dashboard_func_test</td><td><a href="#m1">test_dashboard_livetrackingverify</a></td><td rowspan="1">1751985920431</td><td rowspan="1">0</td></tr><tr class="skippedeven"><td><a href="#m2">test_dashboardfunc_profilenameverify</a></td><td rowspan="1">1751985920429</td><td rowspan="1">0</td></tr><tr class="skippedodd"><td rowspan="2">testCases.GPS_device_test</td><td><a href="#m3">test_gpsdevicepage_elements</a></td><td rowspan="1">1751985920432</td><td rowspan="1">0</td></tr><tr class="skippedodd"><td><a href="#m4">test_gpsdevicepage_printelementsInfo</a></td><td rowspan="1">1751985920433</td><td rowspan="1">0</td></tr><tr class="skippedeven"><td rowspan="11">testCases.Login_func_test</td><td><a href="#m5">testInvalidLoginFunc</a></td><td rowspan="10">1751985920419</td><td rowspan="10">0</td></tr><tr class="skippedeven"><td><a href="#m6">testInvalidLoginFunc</a></td></tr><tr class="skippedeven"><td><a href="#m7">testInvalidLoginFunc</a></td></tr><tr class="skippedeven"><td><a href="#m8">testInvalidLoginFunc</a></td></tr><tr class="skippedeven"><td><a href="#m9">testInvalidLoginFunc</a></td></tr><tr class="skippedeven"><td><a href="#m10">testInvalidLoginFunc</a></td></tr><tr class="skippedeven"><td><a href="#m11">testInvalidLoginFunc</a></td></tr><tr class="skippedeven"><td><a href="#m12">testInvalidLoginFunc</a></td></tr><tr class="skippedeven"><td><a href="#m13">testInvalidLoginFunc</a></td></tr><tr class="skippedeven"><td><a href="#m14">testInvalidLoginFunc</a></td></tr><tr class="skippedeven"><td><a href="#m15">testValidLoginLogoutFunc</a></td><td rowspan="1">1751985920353</td><td rowspan="1">0</td></tr></tbody>
<tbody id="t1"><tr><th colspan="4">Vm Trackers GPS Application Test Flow 2 &#8212; failed (configuration methods)</th></tr><tr class="failedeven"><td rowspan="1">testCases.Login_func_test</td><td><a href="#m16">launch_Browser</a></td><td rowspan="1">1751985920191</td><td rowspan="1">-1751985920191</td></tr><tr><th colspan="4">Vm Trackers GPS Application Test Flow 2 &#8212; skipped</th></tr><tr class="skippedeven"><td rowspan="2">testCases.Alert_func_test</td><td><a href="#m17">test_alertypefunc</a></td><td rowspan="1">1751985920432</td><td rowspan="1">0</td></tr><tr class="skippedeven"><td><a href="#m18">test_selectdevicefunc</a></td><td rowspan="1">1751985920433</td><td rowspan="1">0</td></tr><tr class="skippedodd"><td rowspan="2">testCases.Dashboard_func_test</td><td><a href="#m19">test_dashboard_livetrackingverify</a></td><td rowspan="1">1751985920431</td><td rowspan="1">0</td></tr><tr class="skippedodd"><td><a href="#m20">test_dashboardfunc_profilenameverify</a></td><td rowspan="1">1751985920429</td><td rowspan="1">0</td></tr><tr class="skippedeven"><td rowspan="11">testCases.Login_func_test</td><td><a href="#m21">testInvalidLoginFunc</a></td><td rowspan="10">1751985920426</td><td rowspan="10">0</td></tr><tr class="skippedeven"><td><a href="#m22">testInvalidLoginFunc</a></td></tr><tr class="skippedeven"><td><a href="#m23">testInvalidLoginFunc</a></td></tr><tr class="skippedeven"><td><a href="#m24">testInvalidLoginFunc</a></td></tr><tr class="skippedeven"><td><a href="#m25">testInvalidLoginFunc</a></td></tr><tr class="skippedeven"><td><a href="#m26">testInvalidLoginFunc</a></td></tr><tr class="skippedeven"><td><a href="#m27">testInvalidLoginFunc</a></td></tr><tr class="skippedeven"><td><a href="#m28">testInvalidLoginFunc</a></td></tr><tr class="skippedeven"><td><a href="#m29">testInvalidLoginFunc</a></td></tr><tr class="skippedeven"><td><a href="#m30">testInvalidLoginFunc</a></td></tr><tr class="skippedeven"><td><a href="#m31">testValidLoginLogoutFunc</a></td><td rowspan="1">1751985920353</td><td rowspan="1">0</td></tr></tbody>
</table>
<h2>Vm Trackers GPS Application Test Flow 1</h2><h3 id="m0">testCases.Login_func_test#launch_Browser</h3><table class="result"><tr><th>Exception</th></tr><tr><td><div class="stacktrace">org.testng.TestNGException: 
Parameter &apos;browse&apos; is required by BeforeTest on method launch_Browser but has not been marked @Optional or defined
in C:\Selenium\VMTrackers_GPS_Application-Mvn_Projects\testng.xml
	at java.base/java.util.concurrent.FutureTask.run(FutureTask.java:264)
	at java.base/java.util.concurrent.ThreadPoolExecutor.runWorker(ThreadPoolExecutor.java:1136)
	at java.base/java.util.concurrent.ThreadPoolExecutor$Worker.run(ThreadPoolExecutor.java:635)
	at java.base/java.lang.Thread.run(Thread.java:842)
... Removed 11 stack frames</div></td></tr></table><p class="totop"><a href="#summary">back to summary</a></p>
<h3 id="m1">testCases.Dashboard_func_test#test_dashboard_livetrackingverify</h3><table class="result"><tr><th>Exception</th></tr><tr><td><div class="stacktrace">java.lang.Throwable: Method Dashboard_func_test.test_dashboard_livetrackingverify()[pri:2, instance:testCases.Dashboard_func_test@14cd1699] depends on not successfully finished methods in group &quot;login&quot;
	at java.base/java.util.ArrayList.forEach(ArrayList.java:1511)
	at java.base/java.util.concurrent.FutureTask.run(FutureTask.java:264)
	at java.base/java.util.concurrent.ThreadPoolExecutor.runWorker(ThreadPoolExecutor.java:1136)
	at java.base/java.util.concurrent.ThreadPoolExecutor$Worker.run(ThreadPoolExecutor.java:635)
	at java.base/java.lang.Thread.run(Thread.java:842)
... Removed 8 stack frames</div></td></tr></table><p class="totop"><a href="#summary">back to summary</a></p>
<h3 id="m2">testCases.Dashboard_func_test#test_dashboardfunc_profilenameverify</h3><table class="result"><tr><th>Exception</th></tr><tr><td><div class="stacktrace">java.lang.Throwable: Method Dashboard_func_test.test_dashboardfunc_profilenameverify(java.lang.String,java.lang.String,java.lang.String)[pri:1, instance:testCases.Dashboard_func_test@14cd1699] depends on not successfully finished methods in group &quot;login&quot;
	at java.base/java.util.ArrayList.forEach(ArrayList.java:1511)
	at java.base/java.util.concurrent.FutureTask.run(FutureTask.java:264)
	at java.base/java.util.concurrent.ThreadPoolExecutor.runWorker(ThreadPoolExecutor.java:1136)
	at java.base/java.util.concurrent.ThreadPoolExecutor$Worker.run(ThreadPoolExecutor.java:635)
	at java.base/java.lang.Thread.run(Thread.java:842)
... Removed 8 stack frames</div></td></tr></table><p class="totop"><a href="#summary">back to summary</a></p>
<h3 id="m3">testCases.GPS_device_test#test_gpsdevicepage_elements</h3><table class="result"><tr><th>Exception</th></tr><tr><td><div class="stacktrace">java.lang.Throwable: Method GPS_device_test.test_gpsdevicepage_elements()[pri:1, instance:testCases.GPS_device_test@77888435] depends on not successfully finished methods in group &quot;dashboard&quot;
	at java.base/java.util.ArrayList.forEach(ArrayList.java:1511)
	at java.base/java.util.concurrent.FutureTask.run(FutureTask.java:264)
	at java.base/java.util.concurrent.ThreadPoolExecutor.runWorker(ThreadPoolExecutor.java:1136)
	at java.base/java.util.concurrent.ThreadPoolExecutor$Worker.run(ThreadPoolExecutor.java:635)
	at java.base/java.lang.Thread.run(Thread.java:842)
... Removed 8 stack frames</div></td></tr></table><p class="totop"><a href="#summary">back to summary</a></p>
<h3 id="m4">testCases.GPS_device_test#test_gpsdevicepage_printelementsInfo</h3><table class="result"><tr><th>Exception</th></tr><tr><td><div class="stacktrace">java.lang.Throwable: Method GPS_device_test.test_gpsdevicepage_printelementsInfo()[pri:2, instance:testCases.GPS_device_test@77888435] depends on not successfully finished methods in group &quot;dashboard&quot;
	at java.base/java.util.ArrayList.forEach(ArrayList.java:1511)
	at java.base/java.util.concurrent.FutureTask.run(FutureTask.java:264)
	at java.base/java.util.concurrent.ThreadPoolExecutor.runWorker(ThreadPoolExecutor.java:1136)
	at java.base/java.util.concurrent.ThreadPoolExecutor$Worker.run(ThreadPoolExecutor.java:635)
	at java.base/java.lang.Thread.run(Thread.java:842)
... Removed 8 stack frames</div></td></tr></table><p class="totop"><a href="#summary">back to summary</a></p>
<h3 id="m5">testCases.Login_func_test#testInvalidLoginFunc</h3><table class="result"><tr class="param"><th>Parameter #1</th><th>Parameter #2</th><th>Parameter #3</th></tr><tr class="param stripe"><td>tonybonies@yahoo.com</td><td>Ranees@$1234</td><td>User does not exists</td></tr><tr><th colspan="3">Exception</th></tr><tr><td colspan="3"><div class="stacktrace">org.testng.TestNGException: 
Parameter &apos;browse&apos; is required by BeforeTest on method launch_Browser but has not been marked @Optional or defined
in C:\Selenium\VMTrackers_GPS_Application-Mvn_Projects\testng.xml
	at java.base/java.util.concurrent.FutureTask.run(FutureTask.java:264)
	at java.base/java.util.concurrent.ThreadPoolExecutor.runWorker(ThreadPoolExecutor.java:1136)
	at java.base/java.util.concurrent.ThreadPoolExecutor$Worker.run(ThreadPoolExecutor.java:635)
	at java.base/java.lang.Thread.run(Thread.java:842)
... Removed 11 stack frames</div></td></tr></table><p class="totop"><a href="#summary">back to summary</a></p>
<h3 id="m6">testCases.Login_func_test#testInvalidLoginFunc</h3><table class="result"><tr class="param"><th>Parameter #1</th><th>Parameter #2</th><th>Parameter #3</th></tr><tr class="param stripe"><td>TonyBoniee@Gmail.Com</td><td>Ranees@12345</td><td>User does not exists</td></tr><tr><th colspan="3">Exception</th></tr><tr><td colspan="3"><div class="stacktrace">org.testng.TestNGException: 
Parameter &apos;browse&apos; is required by BeforeTest on method launch_Browser but has not been marked @Optional or defined
in C:\Selenium\VMTrackers_GPS_Application-Mvn_Projects\testng.xml
	at java.base/java.util.concurrent.FutureTask.run(FutureTask.java:264)
	at java.base/java.util.concurrent.ThreadPoolExecutor.runWorker(ThreadPoolExecutor.java:1136)
	at java.base/java.util.concurrent.ThreadPoolExecutor$Worker.run(ThreadPoolExecutor.java:635)
	at java.base/java.lang.Thread.run(Thread.java:842)
... Removed 11 stack frames</div></td></tr></table><p class="totop"><a href="#summary">back to summary</a></p>
<h3 id="m7">testCases.Login_func_test#testInvalidLoginFunc</h3><table class="result"><tr class="param"><th>Parameter #1</th><th>Parameter #2</th><th>Parameter #3</th></tr><tr class="param stripe"><td>tonyboniee@gmail.com</td><td>ranees12</td><td>You have entered Invalid Password</td></tr><tr><th colspan="3">Exception</th></tr><tr><td colspan="3"><div class="stacktrace">org.testng.TestNGException: 
Parameter &apos;browse&apos; is required by BeforeTest on method launch_Browser but has not been marked @Optional or defined
in C:\Selenium\VMTrackers_GPS_Application-Mvn_Projects\testng.xml
	at java.base/java.util.concurrent.FutureTask.run(FutureTask.java:264)
	at java.base/java.util.concurrent.ThreadPoolExecutor.runWorker(ThreadPoolExecutor.java:1136)
	at java.base/java.util.concurrent.ThreadPoolExecutor$Worker.run(ThreadPoolExecutor.java:635)
	at java.base/java.lang.Thread.run(Thread.java:842)
... Removed 11 stack frames</div></td></tr></table><p class="totop"><a href="#summary">back to summary</a></p>
<h3 id="m8">testCases.Login_func_test#testInvalidLoginFunc</h3><table class="result"><tr class="param"><th>Parameter #1</th><th>Parameter #2</th><th>Parameter #3</th></tr><tr class="param stripe"><td></td><td>Ranees@12345</td><td>Please Enter Valid Email</td></tr><tr><th colspan="3">Exception</th></tr><tr><td colspan="3"><div class="stacktrace">org.testng.TestNGException: 
Parameter &apos;browse&apos; is required by BeforeTest on method launch_Browser but has not been marked @Optional or defined
in C:\Selenium\VMTrackers_GPS_Application-Mvn_Projects\testng.xml
	at java.base/java.util.concurrent.FutureTask.run(FutureTask.java:264)
	at java.base/java.util.concurrent.ThreadPoolExecutor.runWorker(ThreadPoolExecutor.java:1136)
	at java.base/java.util.concurrent.ThreadPoolExecutor$Worker.run(ThreadPoolExecutor.java:635)
	at java.base/java.lang.Thread.run(Thread.java:842)
... Removed 11 stack frames</div></td></tr></table><p class="totop"><a href="#summary">back to summary</a></p>
<h3 id="m9">testCases.Login_func_test#testInvalidLoginFunc</h3><table class="result"><tr class="param"><th>Parameter #1</th><th>Parameter #2</th><th>Parameter #3</th></tr><tr class="param stripe"><td>tonyboniee@gmail.com</td><td></td><td>Please Enter Password</td></tr><tr><th colspan="3">Exception</th></tr><tr><td colspan="3"><div class="stacktrace">org.testng.TestNGException: 
Parameter &apos;browse&apos; is required by BeforeTest on method launch_Browser but has not been marked @Optional or defined
in C:\Selenium\VMTrackers_GPS_Application-Mvn_Projects\testng.xml
	at java.base/java.util.concurrent.FutureTask.run(FutureTask.java:264)
	at java.base/java.util.concurrent.ThreadPoolExecutor.runWorker(ThreadPoolExecutor.java:1136)
	at java.base/java.util.concurrent.ThreadPoolExecutor$Worker.run(ThreadPoolExecutor.java:635)
	at java.base/java.lang.Thread.run(Thread.java:842)
... Removed 11 stack frames</div></td></tr></table><p class="totop"><a href="#summary">back to summary</a></p>
<h3 id="m10">testCases.Login_func_test#testInvalidLoginFunc</h3><table class="result"><tr class="param"><th>Parameter #1</th><th>Parameter #2</th><th>Parameter #3</th></tr><tr class="param stripe"><td>tonyboniee@gmail.com</td><td>Ranees12345</td><td>You have entered Invalid Password</td></tr><tr><th colspan="3">Exception</th></tr><tr><td colspan="3"><div class="stacktrace">org.testng.TestNGException: 
Parameter &apos;browse&apos; is required by BeforeTest on method launch_Browser but has not been marked @Optional or defined
in C:\Selenium\VMTrackers_GPS_Application-Mvn_Projects\testng.xml
	at java.base/java.util.concurrent.FutureTask.run(FutureTask.java:264)
	at java.base/java.util.concurrent.ThreadPoolExecutor.runWorker(ThreadPoolExecutor.java:1136)
	at java.base/java.util.concurrent.ThreadPoolExecutor$Worker.run(ThreadPoolExecutor.java:635)
	at java.base/java.lang.Thread.run(Thread.java:842)
... Removed 11 stack frames</div></td></tr></table><p class="totop"><a href="#summary">back to summary</a></p>
<h3 id="m11">testCases.Login_func_test#testInvalidLoginFunc</h3><table class="result"><tr class="param"><th>Parameter #1</th><th>Parameter #2</th><th>Parameter #3</th></tr><tr class="param stripe"><td>tonyboniee@gmail.com</td><td>Raneessu@123456</td><td>You have entered Invalid Password</td></tr><tr><th colspan="3">Exception</th></tr><tr><td colspan="3"><div class="stacktrace">org.testng.TestNGException: 
Parameter &apos;browse&apos; is required by BeforeTest on method launch_Browser but has not been marked @Optional or defined
in C:\Selenium\VMTrackers_GPS_Application-Mvn_Projects\testng.xml
	at java.base/java.util.concurrent.FutureTask.run(FutureTask.java:264)
	at java.base/java.util.concurrent.ThreadPoolExecutor.runWorker(ThreadPoolExecutor.java:1136)
	at java.base/java.util.concurrent.ThreadPoolExecutor$Worker.run(ThreadPoolExecutor.java:635)
	at java.base/java.lang.Thread.run(Thread.java:842)
... Removed 11 stack frames</div></td></tr></table><p class="totop"><a href="#summary">back to summary</a></p>
<h3 id="m12">testCases.Login_func_test#testInvalidLoginFunc</h3><table class="result"><tr class="param"><th>Parameter #1</th><th>Parameter #2</th><th>Parameter #3</th></tr><tr class="param stripe"><td>tony!boniee@gmail.com</td><td>Ranees: @&apos;12345&apos;</td><td>Please Enter Valid Email</td></tr><tr><th colspan="3">Exception</th></tr><tr><td colspan="3"><div class="stacktrace">org.testng.TestNGException: 
Parameter &apos;browse&apos; is required by BeforeTest on method launch_Browser but has not been marked @Optional or defined
in C:\Selenium\VMTrackers_GPS_Application-Mvn_Projects\testng.xml
	at java.base/java.util.concurrent.FutureTask.run(FutureTask.java:264)
	at java.base/java.util.concurrent.ThreadPoolExecutor.runWorker(ThreadPoolExecutor.java:1136)
	at java.base/java.util.concurrent.ThreadPoolExecutor$Worker.run(ThreadPoolExecutor.java:635)
	at java.base/java.lang.Thread.run(Thread.java:842)
... Removed 11 stack frames</div></td></tr></table><p class="totop"><a href="#summary">back to summary</a></p>
<h3 id="m13">testCases.Login_func_test#testInvalidLoginFunc</h3><table class="result"><tr class="param"><th>Parameter #1</th><th>Parameter #2</th><th>Parameter #3</th></tr><tr class="param stripe"><td>tony123@gmail.com</td><td>Ranees@12345</td><td>User does not exists</td></tr><tr><th colspan="3">Exception</th></tr><tr><td colspan="3"><div class="stacktrace">org.testng.TestNGException: 
Parameter &apos;browse&apos; is required by BeforeTest on method launch_Browser but has not been marked @Optional or defined
in C:\Selenium\VMTrackers_GPS_Application-Mvn_Projects\testng.xml
	at java.base/java.util.concurrent.FutureTask.run(FutureTask.java:264)
	at java.base/java.util.concurrent.ThreadPoolExecutor.runWorker(ThreadPoolExecutor.java:1136)
	at java.base/java.util.concurrent.ThreadPoolExecutor$Worker.run(ThreadPoolExecutor.java:635)
	at java.base/java.lang.Thread.run(Thread.java:842)
... Removed 11 stack frames</div></td></tr></table><p class="totop"><a href="#summary">back to summary</a></p>
<h3 id="m14">testCases.Login_func_test#testInvalidLoginFunc</h3><table class="result"><tr class="param"><th>Parameter #1</th><th>Parameter #2</th><th>Parameter #3</th></tr><tr class="param stripe"><td>tonyboniee@gmail.com</td><td>Rn@!@#$%</td><td>You have entered Invalid Password</td></tr><tr><th colspan="3">Exception</th></tr><tr><td colspan="3"><div class="stacktrace">org.testng.TestNGException: 
Parameter &apos;browse&apos; is required by BeforeTest on method launch_Browser but has not been marked @Optional or defined
in C:\Selenium\VMTrackers_GPS_Application-Mvn_Projects\testng.xml
	at java.base/java.util.concurrent.FutureTask.run(FutureTask.java:264)
	at java.base/java.util.concurrent.ThreadPoolExecutor.runWorker(ThreadPoolExecutor.java:1136)
	at java.base/java.util.concurrent.ThreadPoolExecutor$Worker.run(ThreadPoolExecutor.java:635)
	at java.base/java.lang.Thread.run(Thread.java:842)
... Removed 11 stack frames</div></td></tr></table><p class="totop"><a href="#summary">back to summary</a></p>
<h3 id="m15">testCases.Login_func_test#testValidLoginLogoutFunc</h3><table class="result"><tr class="param"><th>Parameter #1</th><th>Parameter #2</th><th>Parameter #3</th></tr><tr class="param stripe"><td>tonyboniee@gmail.com</td><td>Ranees@12345</td><td>Logged In Successfully</td></tr><tr><th colspan="3">Exception</th></tr><tr><td colspan="3"><div class="stacktrace">org.testng.TestNGException: 
Parameter &apos;browse&apos; is required by BeforeTest on method launch_Browser but has not been marked @Optional or defined
in C:\Selenium\VMTrackers_GPS_Application-Mvn_Projects\testng.xml
	at java.base/java.util.concurrent.FutureTask.run(FutureTask.java:264)
	at java.base/java.util.concurrent.ThreadPoolExecutor.runWorker(ThreadPoolExecutor.java:1136)
	at java.base/java.util.concurrent.ThreadPoolExecutor$Worker.run(ThreadPoolExecutor.java:635)
	at java.base/java.lang.Thread.run(Thread.java:842)
... Removed 11 stack frames</div></td></tr></table><p class="totop"><a href="#summary">back to summary</a></p>
<h2>Vm Trackers GPS Application Test Flow 2</h2><h3 id="m16">testCases.Login_func_test#launch_Browser</h3><table class="result"><tr><th>Exception</th></tr><tr><td><div class="stacktrace">org.testng.TestNGException: 
Parameter &apos;browse&apos; is required by BeforeTest on method launch_Browser but has not been marked @Optional or defined
in C:\Selenium\VMTrackers_GPS_Application-Mvn_Projects\testng.xml
	at java.base/java.util.concurrent.FutureTask.run(FutureTask.java:264)
	at java.base/java.util.concurrent.ThreadPoolExecutor.runWorker(ThreadPoolExecutor.java:1136)
	at java.base/java.util.concurrent.ThreadPoolExecutor$Worker.run(ThreadPoolExecutor.java:635)
	at java.base/java.lang.Thread.run(Thread.java:842)
... Removed 11 stack frames</div></td></tr></table><p class="totop"><a href="#summary">back to summary</a></p>
<h3 id="m17">testCases.Alert_func_test#test_alertypefunc</h3><table class="result"><tr><th>Exception</th></tr><tr><td><div class="stacktrace">java.lang.Throwable: Method Alert_func_test.test_alertypefunc()[pri:1, instance:testCases.Alert_func_test@6d763516] depends on not successfully finished methods in group &quot;dashboard&quot;
	at java.base/java.util.ArrayList.forEach(ArrayList.java:1511)
	at java.base/java.util.concurrent.FutureTask.run(FutureTask.java:264)
	at java.base/java.util.concurrent.ThreadPoolExecutor.runWorker(ThreadPoolExecutor.java:1136)
	at java.base/java.util.concurrent.ThreadPoolExecutor$Worker.run(ThreadPoolExecutor.java:635)
	at java.base/java.lang.Thread.run(Thread.java:842)
... Removed 8 stack frames</div></td></tr></table><p class="totop"><a href="#summary">back to summary</a></p>
<h3 id="m18">testCases.Alert_func_test#test_selectdevicefunc</h3><table class="result"><tr><th>Exception</th></tr><tr><td><div class="stacktrace">java.lang.Throwable: Method Alert_func_test.test_selectdevicefunc()[pri:2, instance:testCases.Alert_func_test@6d763516] depends on not successfully finished methods in group &quot;dashboard&quot;
	at java.base/java.util.ArrayList.forEach(ArrayList.java:1511)
	at java.base/java.util.concurrent.FutureTask.run(FutureTask.java:264)
	at java.base/java.util.concurrent.ThreadPoolExecutor.runWorker(ThreadPoolExecutor.java:1136)
	at java.base/java.util.concurrent.ThreadPoolExecutor$Worker.run(ThreadPoolExecutor.java:635)
	at java.base/java.lang.Thread.run(Thread.java:842)
... Removed 8 stack frames</div></td></tr></table><p class="totop"><a href="#summary">back to summary</a></p>
<h3 id="m19">testCases.Dashboard_func_test#test_dashboard_livetrackingverify</h3><table class="result"><tr><th>Exception</th></tr><tr><td><div class="stacktrace">java.lang.Throwable: Method Dashboard_func_test.test_dashboard_livetrackingverify()[pri:2, instance:testCases.Dashboard_func_test@2a798d51] depends on not successfully finished methods in group &quot;login&quot;
	at java.base/java.util.ArrayList.forEach(ArrayList.java:1511)
	at java.base/java.util.concurrent.FutureTask.run(FutureTask.java:264)
	at java.base/java.util.concurrent.ThreadPoolExecutor.runWorker(ThreadPoolExecutor.java:1136)
	at java.base/java.util.concurrent.ThreadPoolExecutor$Worker.run(ThreadPoolExecutor.java:635)
	at java.base/java.lang.Thread.run(Thread.java:842)
... Removed 8 stack frames</div></td></tr></table><p class="totop"><a href="#summary">back to summary</a></p>
<h3 id="m20">testCases.Dashboard_func_test#test_dashboardfunc_profilenameverify</h3><table class="result"><tr><th>Exception</th></tr><tr><td><div class="stacktrace">java.lang.Throwable: Method Dashboard_func_test.test_dashboardfunc_profilenameverify(java.lang.String,java.lang.String,java.lang.String)[pri:1, instance:testCases.Dashboard_func_test@2a798d51] depends on not successfully finished methods in group &quot;login&quot;
	at java.base/java.util.ArrayList.forEach(ArrayList.java:1511)
	at java.base/java.util.concurrent.FutureTask.run(FutureTask.java:264)
	at java.base/java.util.concurrent.ThreadPoolExecutor.runWorker(ThreadPoolExecutor.java:1136)
	at java.base/java.util.concurrent.ThreadPoolExecutor$Worker.run(ThreadPoolExecutor.java:635)
	at java.base/java.lang.Thread.run(Thread.java:842)
... Removed 8 stack frames</div></td></tr></table><p class="totop"><a href="#summary">back to summary</a></p>
<h3 id="m21">testCases.Login_func_test#testInvalidLoginFunc</h3><table class="result"><tr class="param"><th>Parameter #1</th><th>Parameter #2</th><th>Parameter #3</th></tr><tr class="param stripe"><td>tony!boniee@gmail.com</td><td>Ranees: @&apos;12345&apos;</td><td>Please Enter Valid Email</td></tr><tr><th colspan="3">Exception</th></tr><tr><td colspan="3"><div class="stacktrace">org.testng.TestNGException: 
Parameter &apos;browse&apos; is required by BeforeTest on method launch_Browser but has not been marked @Optional or defined
in C:\Selenium\VMTrackers_GPS_Application-Mvn_Projects\testng.xml
	at java.base/java.util.concurrent.FutureTask.run(FutureTask.java:264)
	at java.base/java.util.concurrent.ThreadPoolExecutor.runWorker(ThreadPoolExecutor.java:1136)
	at java.base/java.util.concurrent.ThreadPoolExecutor$Worker.run(ThreadPoolExecutor.java:635)
	at java.base/java.lang.Thread.run(Thread.java:842)
... Removed 11 stack frames</div></td></tr></table><p class="totop"><a href="#summary">back to summary</a></p>
<h3 id="m22">testCases.Login_func_test#testInvalidLoginFunc</h3><table class="result"><tr class="param"><th>Parameter #1</th><th>Parameter #2</th><th>Parameter #3</th></tr><tr class="param stripe"><td>tonyboniee@gmail.com</td><td></td><td>Please Enter Password</td></tr><tr><th colspan="3">Exception</th></tr><tr><td colspan="3"><div class="stacktrace">org.testng.TestNGException: 
Parameter &apos;browse&apos; is required by BeforeTest on method launch_Browser but has not been marked @Optional or defined
in C:\Selenium\VMTrackers_GPS_Application-Mvn_Projects\testng.xml
	at java.base/java.util.concurrent.FutureTask.run(FutureTask.java:264)
	at java.base/java.util.concurrent.ThreadPoolExecutor.runWorker(ThreadPoolExecutor.java:1136)
	at java.base/java.util.concurrent.ThreadPoolExecutor$Worker.run(ThreadPoolExecutor.java:635)
	at java.base/java.lang.Thread.run(Thread.java:842)
... Removed 11 stack frames</div></td></tr></table><p class="totop"><a href="#summary">back to summary</a></p>
<h3 id="m23">testCases.Login_func_test#testInvalidLoginFunc</h3><table class="result"><tr class="param"><th>Parameter #1</th><th>Parameter #2</th><th>Parameter #3</th></tr><tr class="param stripe"><td>tonyboniee@gmail.com</td><td>ranees12</td><td>You have entered Invalid Password</td></tr><tr><th colspan="3">Exception</th></tr><tr><td colspan="3"><div class="stacktrace">org.testng.TestNGException: 
Parameter &apos;browse&apos; is required by BeforeTest on method launch_Browser but has not been marked @Optional or defined
in C:\Selenium\VMTrackers_GPS_Application-Mvn_Projects\testng.xml
	at java.base/java.util.concurrent.FutureTask.run(FutureTask.java:264)
	at java.base/java.util.concurrent.ThreadPoolExecutor.runWorker(ThreadPoolExecutor.java:1136)
	at java.base/java.util.concurrent.ThreadPoolExecutor$Worker.run(ThreadPoolExecutor.java:635)
	at java.base/java.lang.Thread.run(Thread.java:842)
... Removed 11 stack frames</div></td></tr></table><p class="totop"><a href="#summary">back to summary</a></p>
<h3 id="m24">testCases.Login_func_test#testInvalidLoginFunc</h3><table class="result"><tr class="param"><th>Parameter #1</th><th>Parameter #2</th><th>Parameter #3</th></tr><tr class="param stripe"><td>TonyBoniee@Gmail.Com</td><td>Ranees@12345</td><td>User does not exists</td></tr><tr><th colspan="3">Exception</th></tr><tr><td colspan="3"><div class="stacktrace">org.testng.TestNGException: 
Parameter &apos;browse&apos; is required by BeforeTest on method launch_Browser but has not been marked @Optional or defined
in C:\Selenium\VMTrackers_GPS_Application-Mvn_Projects\testng.xml
	at java.base/java.util.concurrent.FutureTask.run(FutureTask.java:264)
	at java.base/java.util.concurrent.ThreadPoolExecutor.runWorker(ThreadPoolExecutor.java:1136)
	at java.base/java.util.concurrent.ThreadPoolExecutor$Worker.run(ThreadPoolExecutor.java:635)
	at java.base/java.lang.Thread.run(Thread.java:842)
... Removed 11 stack frames</div></td></tr></table><p class="totop"><a href="#summary">back to summary</a></p>
<h3 id="m25">testCases.Login_func_test#testInvalidLoginFunc</h3><table class="result"><tr class="param"><th>Parameter #1</th><th>Parameter #2</th><th>Parameter #3</th></tr><tr class="param stripe"><td>tony123@gmail.com</td><td>Ranees@12345</td><td>User does not exists</td></tr><tr><th colspan="3">Exception</th></tr><tr><td colspan="3"><div class="stacktrace">org.testng.TestNGException: 
Parameter &apos;browse&apos; is required by BeforeTest on method launch_Browser but has not been marked @Optional or defined
in C:\Selenium\VMTrackers_GPS_Application-Mvn_Projects\testng.xml
	at java.base/java.util.concurrent.FutureTask.run(FutureTask.java:264)
	at java.base/java.util.concurrent.ThreadPoolExecutor.runWorker(ThreadPoolExecutor.java:1136)
	at java.base/java.util.concurrent.ThreadPoolExecutor$Worker.run(ThreadPoolExecutor.java:635)
	at java.base/java.lang.Thread.run(Thread.java:842)
... Removed 11 stack frames</div></td></tr></table><p class="totop"><a href="#summary">back to summary</a></p>
<h3 id="m26">testCases.Login_func_test#testInvalidLoginFunc</h3><table class="result"><tr class="param"><th>Parameter #1</th><th>Parameter #2</th><th>Parameter #3</th></tr><tr class="param stripe"><td>tonyboniee@gmail.com</td><td>Rn@!@#$%</td><td>You have entered Invalid Password</td></tr><tr><th colspan="3">Exception</th></tr><tr><td colspan="3"><div class="stacktrace">org.testng.TestNGException: 
Parameter &apos;browse&apos; is required by BeforeTest on method launch_Browser but has not been marked @Optional or defined
in C:\Selenium\VMTrackers_GPS_Application-Mvn_Projects\testng.xml
	at java.base/java.util.concurrent.FutureTask.run(FutureTask.java:264)
	at java.base/java.util.concurrent.ThreadPoolExecutor.runWorker(ThreadPoolExecutor.java:1136)
	at java.base/java.util.concurrent.ThreadPoolExecutor$Worker.run(ThreadPoolExecutor.java:635)
	at java.base/java.lang.Thread.run(Thread.java:842)
... Removed 11 stack frames</div></td></tr></table><p class="totop"><a href="#summary">back to summary</a></p>
<h3 id="m27">testCases.Login_func_test#testInvalidLoginFunc</h3><table class="result"><tr class="param"><th>Parameter #1</th><th>Parameter #2</th><th>Parameter #3</th></tr><tr class="param stripe"><td></td><td>Ranees@12345</td><td>Please Enter Valid Email</td></tr><tr><th colspan="3">Exception</th></tr><tr><td colspan="3"><div class="stacktrace">org.testng.TestNGException: 
Parameter &apos;browse&apos; is required by BeforeTest on method launch_Browser but has not been marked @Optional or defined
in C:\Selenium\VMTrackers_GPS_Application-Mvn_Projects\testng.xml
	at java.base/java.util.concurrent.FutureTask.run(FutureTask.java:264)
	at java.base/java.util.concurrent.ThreadPoolExecutor.runWorker(ThreadPoolExecutor.java:1136)
	at java.base/java.util.concurrent.ThreadPoolExecutor$Worker.run(ThreadPoolExecutor.java:635)
	at java.base/java.lang.Thread.run(Thread.java:842)
... Removed 11 stack frames</div></td></tr></table><p class="totop"><a href="#summary">back to summary</a></p>
<h3 id="m28">testCases.Login_func_test#testInvalidLoginFunc</h3><table class="result"><tr class="param"><th>Parameter #1</th><th>Parameter #2</th><th>Parameter #3</th></tr><tr class="param stripe"><td>tonyboniee@gmail.com</td><td>Raneessu@123456</td><td>You have entered Invalid Password</td></tr><tr><th colspan="3">Exception</th></tr><tr><td colspan="3"><div class="stacktrace">org.testng.TestNGException: 
Parameter &apos;browse&apos; is required by BeforeTest on method launch_Browser but has not been marked @Optional or defined
in C:\Selenium\VMTrackers_GPS_Application-Mvn_Projects\testng.xml
	at java.base/java.util.concurrent.FutureTask.run(FutureTask.java:264)
	at java.base/java.util.concurrent.ThreadPoolExecutor.runWorker(ThreadPoolExecutor.java:1136)
	at java.base/java.util.concurrent.ThreadPoolExecutor$Worker.run(ThreadPoolExecutor.java:635)
	at java.base/java.lang.Thread.run(Thread.java:842)
... Removed 11 stack frames</div></td></tr></table><p class="totop"><a href="#summary">back to summary</a></p>
<h3 id="m29">testCases.Login_func_test#testInvalidLoginFunc</h3><table class="result"><tr class="param"><th>Parameter #1</th><th>Parameter #2</th><th>Parameter #3</th></tr><tr class="param stripe"><td>tonybonies@yahoo.com</td><td>Ranees@$1234</td><td>User does not exists</td></tr><tr><th colspan="3">Exception</th></tr><tr><td colspan="3"><div class="stacktrace">org.testng.TestNGException: 
Parameter &apos;browse&apos; is required by BeforeTest on method launch_Browser but has not been marked @Optional or defined
in C:\Selenium\VMTrackers_GPS_Application-Mvn_Projects\testng.xml
	at java.base/java.util.concurrent.FutureTask.run(FutureTask.java:264)
	at java.base/java.util.concurrent.ThreadPoolExecutor.runWorker(ThreadPoolExecutor.java:1136)
	at java.base/java.util.concurrent.ThreadPoolExecutor$Worker.run(ThreadPoolExecutor.java:635)
	at java.base/java.lang.Thread.run(Thread.java:842)
... Removed 11 stack frames</div></td></tr></table><p class="totop"><a href="#summary">back to summary</a></p>
<h3 id="m30">testCases.Login_func_test#testInvalidLoginFunc</h3><table class="result"><tr class="param"><th>Parameter #1</th><th>Parameter #2</th><th>Parameter #3</th></tr><tr class="param stripe"><td>tonyboniee@gmail.com</td><td>Ranees12345</td><td>You have entered Invalid Password</td></tr><tr><th colspan="3">Exception</th></tr><tr><td colspan="3"><div class="stacktrace">org.testng.TestNGException: 
Parameter &apos;browse&apos; is required by BeforeTest on method launch_Browser but has not been marked @Optional or defined
in C:\Selenium\VMTrackers_GPS_Application-Mvn_Projects\testng.xml
	at java.base/java.util.concurrent.FutureTask.run(FutureTask.java:264)
	at java.base/java.util.concurrent.ThreadPoolExecutor.runWorker(ThreadPoolExecutor.java:1136)
	at java.base/java.util.concurrent.ThreadPoolExecutor$Worker.run(ThreadPoolExecutor.java:635)
	at java.base/java.lang.Thread.run(Thread.java:842)
... Removed 11 stack frames</div></td></tr></table><p class="totop"><a href="#summary">back to summary</a></p>
<h3 id="m31">testCases.Login_func_test#testValidLoginLogoutFunc</h3><table class="result"><tr class="param"><th>Parameter #1</th><th>Parameter #2</th><th>Parameter #3</th></tr><tr class="param stripe"><td>tonyboniee@gmail.com</td><td>Ranees@12345</td><td>Logged In Successfully</td></tr><tr><th colspan="3">Exception</th></tr><tr><td colspan="3"><div class="stacktrace">org.testng.TestNGException: 
Parameter &apos;browse&apos; is required by BeforeTest on method launch_Browser but has not been marked @Optional or defined
in C:\Selenium\VMTrackers_GPS_Application-Mvn_Projects\testng.xml
	at java.base/java.util.concurrent.FutureTask.run(FutureTask.java:264)
	at java.base/java.util.concurrent.ThreadPoolExecutor.runWorker(ThreadPoolExecutor.java:1136)
	at java.base/java.util.concurrent.ThreadPoolExecutor$Worker.run(ThreadPoolExecutor.java:635)
	at java.base/java.lang.Thread.run(Thread.java:842)
... Removed 11 stack frames</div></td></tr></table><p class="totop"><a href="#summary">back to summary</a></p>
</body>
</html>
