<?xml version="1.0" encoding="UTF-8"?>
<!-- Generated by org.testng.reporters.JUnitReportReporter -->
<testsuite hostname="Ranees" failures="0" tests="24" name="testCases.Login_func_test" time="-3503971840.000" errors="2" timestamp="2025-07-08T20:15:21 IST" skipped="22">
  <testcase classname="testCases.Login_func_test" name="launch_Browser" time="-1751985920.000">
    <error message="
Parameter &#039;browse&#039; is required by BeforeTest on method launch_Browser but has not been marked @Optional or defined
in C:\Selenium\VMTrackers_GPS_Application-Mvn_Projects\testng.xml" type="org.testng.TestNGException">
      <![CDATA[org.testng.TestNGException: 
Parameter 'browse' is required by BeforeTest on method launch_Browser but has not been marked @Optional or defined
in C:\Selenium\VMTrackers_GPS_Application-Mvn_Projects\testng.xml
at org.testng.internal.Parameters.createParams(Parameters.java:264)
at org.testng.internal.Parameters.createParametersForMethod(Parameters.java:352)
at org.testng.internal.Parameters.createParameters(Parameters.java:690)
at org.testng.internal.Parameters.createConfigurationParameters(Parameters.java:163)
at org.testng.internal.invokers.ConfigInvoker.invokeConfigurations(ConfigInvoker.java:313)
at org.testng.TestRunner.invokeTestConfigurations(TestRunner.java:655)
at org.testng.TestRunner.beforeRun(TestRunner.java:644)
at org.testng.TestRunner.run(TestRunner.java:610)
at org.testng.SuiteRunner.runTest(SuiteRunner.java:421)
at org.testng.SuiteRunner$SuiteWorker.run(SuiteRunner.java:463)
at org.testng.internal.thread.ThreadUtil.lambda$execute$0(ThreadUtil.java:64)
at java.base/java.util.concurrent.FutureTask.run(FutureTask.java:264)
at java.base/java.util.concurrent.ThreadPoolExecutor.runWorker(ThreadPoolExecutor.java:1136)
at java.base/java.util.concurrent.ThreadPoolExecutor$Worker.run(ThreadPoolExecutor.java:635)
at java.base/java.lang.Thread.run(Thread.java:842)
]]>
    </error>
  </testcase> <!-- launch_Browser -->
  <testcase classname="testCases.Login_func_test" name="launch_Browser" time="-1751985920.000">
    <error message="
Parameter &#039;browse&#039; is required by BeforeTest on method launch_Browser but has not been marked @Optional or defined
in C:\Selenium\VMTrackers_GPS_Application-Mvn_Projects\testng.xml" type="org.testng.TestNGException">
      <![CDATA[org.testng.TestNGException: 
Parameter 'browse' is required by BeforeTest on method launch_Browser but has not been marked @Optional or defined
in C:\Selenium\VMTrackers_GPS_Application-Mvn_Projects\testng.xml
at org.testng.internal.Parameters.createParams(Parameters.java:264)
at org.testng.internal.Parameters.createParametersForMethod(Parameters.java:352)
at org.testng.internal.Parameters.createParameters(Parameters.java:690)
at org.testng.internal.Parameters.createConfigurationParameters(Parameters.java:163)
at org.testng.internal.invokers.ConfigInvoker.invokeConfigurations(ConfigInvoker.java:313)
at org.testng.TestRunner.invokeTestConfigurations(TestRunner.java:655)
at org.testng.TestRunner.beforeRun(TestRunner.java:644)
at org.testng.TestRunner.run(TestRunner.java:610)
at org.testng.SuiteRunner.runTest(SuiteRunner.java:421)
at org.testng.SuiteRunner$SuiteWorker.run(SuiteRunner.java:463)
at org.testng.internal.thread.ThreadUtil.lambda$execute$0(ThreadUtil.java:64)
at java.base/java.util.concurrent.FutureTask.run(FutureTask.java:264)
at java.base/java.util.concurrent.ThreadPoolExecutor.runWorker(ThreadPoolExecutor.java:1136)
at java.base/java.util.concurrent.ThreadPoolExecutor$Worker.run(ThreadPoolExecutor.java:635)
at java.base/java.lang.Thread.run(Thread.java:842)
]]>
    </error>
  </testcase> <!-- launch_Browser -->
  <testcase classname="testCases.Login_func_test" name="testValidLoginLogoutFunc" time="0.000">
    <skipped/>
  </testcase> <!-- testValidLoginLogoutFunc -->
  <testcase classname="testCases.Login_func_test" name="testValidLoginLogoutFunc" time="0.000">
    <skipped/>
  </testcase> <!-- testValidLoginLogoutFunc -->
  <testcase classname="testCases.Login_func_test" name="testInvalidLoginFunc" time="0.000">
    <skipped/>
  </testcase> <!-- testInvalidLoginFunc -->
  <testcase classname="testCases.Login_func_test" name="testInvalidLoginFunc" time="0.000">
    <skipped/>
  </testcase> <!-- testInvalidLoginFunc -->
  <testcase classname="testCases.Login_func_test" name="testInvalidLoginFunc" time="0.000">
    <skipped/>
  </testcase> <!-- testInvalidLoginFunc -->
  <testcase classname="testCases.Login_func_test" name="testInvalidLoginFunc" time="0.000">
    <skipped/>
  </testcase> <!-- testInvalidLoginFunc -->
  <testcase classname="testCases.Login_func_test" name="testInvalidLoginFunc" time="0.000">
    <skipped/>
  </testcase> <!-- testInvalidLoginFunc -->
  <testcase classname="testCases.Login_func_test" name="testInvalidLoginFunc" time="0.000">
    <skipped/>
  </testcase> <!-- testInvalidLoginFunc -->
  <testcase classname="testCases.Login_func_test" name="testInvalidLoginFunc" time="0.000">
    <skipped/>
  </testcase> <!-- testInvalidLoginFunc -->
  <testcase classname="testCases.Login_func_test" name="testInvalidLoginFunc" time="0.000">
    <skipped/>
  </testcase> <!-- testInvalidLoginFunc -->
  <testcase classname="testCases.Login_func_test" name="testInvalidLoginFunc" time="0.001">
    <skipped/>
  </testcase> <!-- testInvalidLoginFunc -->
  <testcase classname="testCases.Login_func_test" name="testInvalidLoginFunc" time="0.000">
    <skipped/>
  </testcase> <!-- testInvalidLoginFunc -->
  <testcase classname="testCases.Login_func_test" name="testInvalidLoginFunc" time="0.000">
    <skipped/>
  </testcase> <!-- testInvalidLoginFunc -->
  <testcase classname="testCases.Login_func_test" name="testInvalidLoginFunc" time="0.000">
    <skipped/>
  </testcase> <!-- testInvalidLoginFunc -->
  <testcase classname="testCases.Login_func_test" name="testInvalidLoginFunc" time="0.000">
    <skipped/>
  </testcase> <!-- testInvalidLoginFunc -->
  <testcase classname="testCases.Login_func_test" name="testInvalidLoginFunc" time="0.000">
    <skipped/>
  </testcase> <!-- testInvalidLoginFunc -->
  <testcase classname="testCases.Login_func_test" name="testInvalidLoginFunc" time="0.000">
    <skipped/>
  </testcase> <!-- testInvalidLoginFunc -->
  <testcase classname="testCases.Login_func_test" name="testInvalidLoginFunc" time="0.000">
    <skipped/>
  </testcase> <!-- testInvalidLoginFunc -->
  <testcase classname="testCases.Login_func_test" name="testInvalidLoginFunc" time="0.000">
    <skipped/>
  </testcase> <!-- testInvalidLoginFunc -->
  <testcase classname="testCases.Login_func_test" name="testInvalidLoginFunc" time="0.000">
    <skipped/>
  </testcase> <!-- testInvalidLoginFunc -->
  <testcase classname="testCases.Login_func_test" name="testInvalidLoginFunc" time="0.001">
    <skipped/>
  </testcase> <!-- testInvalidLoginFunc -->
  <testcase classname="testCases.Login_func_test" name="testInvalidLoginFunc" time="0.000">
    <skipped/>
  </testcase> <!-- testInvalidLoginFunc -->
</testsuite> <!-- testCases.Login_func_test -->
